<?xml version="1.0" encoding="UTF-8"?>
<testsuite name="com.senla.weather.domain.AverageWeatherFactoryTest" tests="2" skipped="0" failures="0" errors="0" timestamp="2023-03-22T13:05:23" hostname="DESKTOP-3ED3TIO" time="0.839">
  <properties/>
  <testcase name="forecastsIsNotKnown()" classname="com.senla.weather.domain.AverageWeatherFactoryTest" time="0.46"/>
  <testcase name="createAverageWeather()" classname="com.senla.weather.domain.AverageWeatherFactoryTest" time="0.34"/>
  <system-out><![CDATA[]]></system-out>
  <system-err><![CDATA[]]></system-err>
</testsuite>
