<?xml version="1.0" encoding="UTF-8"?>
<testsuite name="com.senla.weather.service.converter.DateToSQLDateConverterTest" tests="1" skipped="0" failures="0" errors="0" timestamp="2023-03-22T13:05:24" hostname="DESKTOP-3ED3TIO" time="0.102">
  <properties/>
  <testcase name="convertDateToDateSql()" classname="com.senla.weather.service.converter.DateToSQLDateConverterTest" time="0.102"/>
  <system-out><![CDATA[]]></system-out>
  <system-err><![CDATA[]]></system-err>
</testsuite>
