<?xml version="1.0" encoding="UTF-8"?>
<testsuite name="com.senla.weather.service.validator.impl.PeriodValidatorTest" tests="4" skipped="0" failures="0" errors="0" timestamp="2023-03-22T13:05:25" hostname="DESKTOP-3ED3TIO" time="0.481">
  <properties/>
  <testcase name="PeriodEndDateBeforeStartDate()" classname="com.senla.weather.service.validator.impl.PeriodValidatorTest" time="0.35"/>
  <testcase name="PeriodEndDateEqualsStartDate()" classname="com.senla.weather.service.validator.impl.PeriodValidatorTest" time="0.013"/>
  <testcase name="PeriodStartDateBeforeEndDate()" classname="com.senla.weather.service.validator.impl.PeriodValidatorTest" time="0.02"/>
  <testcase name="PeriodIsUninitialized()" classname="com.senla.weather.service.validator.impl.PeriodValidatorTest" time="0.009"/>
  <system-out><![CDATA[]]></system-out>
  <system-err><![CDATA[]]></system-err>
</testsuite>
